   1              		.file	"init.c"
   9              	.Ltext0:
  10              		.cfi_sections	.debug_frame
  11              		.section	.text.board_init,"ax",%progbits
  12              		.align	2
  13              		.global	board_init
  15              	board_init:
  16              	.LFB53:
  17              		.file 1 "board/compal_e88/init.c"
   1:board/compal_e88/init.c **** /* Initialization for the Compal E88 (Motorola C115...C123) */
   2:board/compal_e88/init.c **** 
   3:board/compal_e88/init.c **** /* (C) 2010 by Harald Welte <laforge@gnumonks.org>
   4:board/compal_e88/init.c ****  *
   5:board/compal_e88/init.c ****  * All Rights Reserved
   6:board/compal_e88/init.c ****  *
   7:board/compal_e88/init.c ****  * This program is free software; you can redistribute it and/or modify
   8:board/compal_e88/init.c ****  * it under the terms of the GNU General Public License as published by
   9:board/compal_e88/init.c ****  * the Free Software Foundation; either version 2 of the License, or
  10:board/compal_e88/init.c ****  * (at your option) any later version.
  11:board/compal_e88/init.c ****  *
  12:board/compal_e88/init.c ****  * This program is distributed in the hope that it will be useful,
  13:board/compal_e88/init.c ****  * but WITHOUT ANY WARRANTY; without even the implied warranty of
  14:board/compal_e88/init.c ****  * MERCHANTABILITY or FITNESS FOR A PARTICULAR PURPOSE.  See the
  15:board/compal_e88/init.c ****  * GNU General Public License for more details.
  16:board/compal_e88/init.c ****  *
  17:board/compal_e88/init.c ****  * You should have received a copy of the GNU General Public License along
  18:board/compal_e88/init.c ****  * with this program; if not, write to the Free Software Foundation, Inc.,
  19:board/compal_e88/init.c ****  * 51 Franklin Street, Fifth Floor, Boston, MA 02110-1301 USA.
  20:board/compal_e88/init.c ****  *
  21:board/compal_e88/init.c ****  */
  22:board/compal_e88/init.c **** 
  23:board/compal_e88/init.c **** #include <stdint.h>
  24:board/compal_e88/init.c **** #include <stdio.h>
  25:board/compal_e88/init.c **** 
  26:board/compal_e88/init.c **** #include <debug.h>
  27:board/compal_e88/init.c **** #include <ctors.h>
  28:board/compal_e88/init.c **** #include <memory.h>
  29:board/compal_e88/init.c **** #include <board.h>
  30:board/compal_e88/init.c **** #include <keypad.h>
  31:board/compal_e88/init.c **** #include <console.h>
  32:board/compal_e88/init.c **** #include <flash/cfi_flash.h>
  33:board/compal_e88/init.c **** 
  34:board/compal_e88/init.c **** #include <calypso/irq.h>
  35:board/compal_e88/init.c **** #include <calypso/clock.h>
  36:board/compal_e88/init.c **** #include <calypso/dma.h>
  37:board/compal_e88/init.c **** #include <calypso/rtc.h>
  38:board/compal_e88/init.c **** #include <calypso/timer.h>
  39:board/compal_e88/init.c **** #include <uart.h>
  40:board/compal_e88/init.c **** #include <calypso/backlight.h>
  41:board/compal_e88/init.c **** 
  42:board/compal_e88/init.c **** #include <comm/sercomm.h>
  43:board/compal_e88/init.c **** #include <comm/timer.h>
  44:board/compal_e88/init.c **** 
  45:board/compal_e88/init.c **** #include <abb/twl3025.h>
  46:board/compal_e88/init.c **** #include <rf/trf6151.h>
  47:board/compal_e88/init.c **** #include <fb/framebuffer.h>
  48:board/compal_e88/init.c **** #include <battery/compal_e88.h>
  49:board/compal_e88/init.c **** #include "../compal/keymap.h"
  50:board/compal_e88/init.c **** 
  51:board/compal_e88/init.c **** #define ARMIO_LATCH_OUT 0xfffe4802
  52:board/compal_e88/init.c **** #define IO_CNTL_REG	0xfffe4804
  53:board/compal_e88/init.c **** #define ASIC_CONF_REG	0xfffef008
  54:board/compal_e88/init.c **** 
  55:board/compal_e88/init.c **** static void board_io_init(void)
  56:board/compal_e88/init.c **** {
  57:board/compal_e88/init.c **** 	uint16_t reg;
  58:board/compal_e88/init.c **** 
  59:board/compal_e88/init.c **** 	reg = readw(ASIC_CONF_REG);
  60:board/compal_e88/init.c **** 	/* LCD Set I/O(3) / SA0 to I/O(3) mode */
  61:board/compal_e88/init.c **** 	reg &= ~(1 << 10);
  62:board/compal_e88/init.c **** 	/* Set function pins to I2C Mode */
  63:board/compal_e88/init.c **** 	reg |= ((1 << 12) | (1 << 7));		/* SCL / SDA */
  64:board/compal_e88/init.c **** 	/* TWL3025: Set SPI+RIF RX clock to rising edge */
  65:board/compal_e88/init.c **** 	reg |= (1 << 13) | (1 << 14);
  66:board/compal_e88/init.c **** 	writew(reg, ASIC_CONF_REG);
  67:board/compal_e88/init.c **** 
  68:board/compal_e88/init.c **** 	/* LCD Set I/O(3) to output mode */
  69:board/compal_e88/init.c **** 	reg = readw(IO_CNTL_REG);
  70:board/compal_e88/init.c **** 	reg &= ~(1 << 3);
  71:board/compal_e88/init.c **** 	writew(reg, IO_CNTL_REG);
  72:board/compal_e88/init.c **** 
  73:board/compal_e88/init.c **** 	/* LCD Set I/O(3) output low */
  74:board/compal_e88/init.c **** 	reg = readw(ARMIO_LATCH_OUT);
  75:board/compal_e88/init.c **** 	reg &= ~(1 << 3);
  76:board/compal_e88/init.c **** 	writew(reg, ARMIO_LATCH_OUT);
  77:board/compal_e88/init.c **** }
  78:board/compal_e88/init.c **** 
  79:board/compal_e88/init.c **** void board_init(int with_irq)
  80:board/compal_e88/init.c **** {
  18              		.loc 1 80 0
  19              		.cfi_startproc
  20              		@ args = 0, pretend = 0, frame = 0
  21              		@ frame_needed = 0, uses_anonymous_args = 0
  22              	.LVL0:
  81:board/compal_e88/init.c ****         /* clocks + memory */
  82:board/compal_e88/init.c ****         calypso_mem_cfg(CALYPSO_nCS0, 3, CALYPSO_MEM_16bit, 1);
  23              		.loc 1 82 0
  24 0000 0120A0E3 		mov	r2, #1
  80:board/compal_e88/init.c **** {
  25              		.loc 1 80 0
  26 0004 10402DE9 		stmfd	sp!, {r4, lr}
  27              	.LCFI0:
  28              		.cfi_def_cfa_offset 8
  29              		.loc 1 82 0
  30 0008 0230A0E1 		mov	r3, r2
  80:board/compal_e88/init.c **** {
  31              		.loc 1 80 0
  32 000c 0040A0E1 		mov	r4, r0
  33              		.cfi_offset 14, -4
  34              		.cfi_offset 4, -8
  35              		.loc 1 82 0
  36 0010 0310A0E3 		mov	r1, #3
  37 0014 0000A0E3 		mov	r0, #0
  38              	.LVL1:
  39 0018 FEFFFFEB 		bl	calypso_mem_cfg
  83:board/compal_e88/init.c ****         calypso_clock_set(2, CALYPSO_PLL13_104_MHZ, ARM_MCLK_DIV_2);
  40              		.loc 1 83 0
  41 001c 0200A0E3 		mov	r0, #2
  42 0020 0020A0E1 		mov	r2, r0
  43 0024 021BA0E3 		mov	r1, #2048
  44 0028 FEFFFFEB 		bl	calypso_clock_set
  45              	.LBB4:
  46              	.LBB5:
  59:board/compal_e88/init.c **** 	reg = readw(ASIC_CONF_REG);
  47              		.loc 1 59 0
  48 002c 80209FE5 		ldr	r2, .L3
  61:board/compal_e88/init.c **** 	reg &= ~(1 << 10);
  49              		.loc 1 61 0
  50 0030 80309FE5 		ldr	r3, .L3+4
  59:board/compal_e88/init.c **** 	reg = readw(ASIC_CONF_REG);
  51              		.loc 1 59 0
  52 0034 B71F52E1 		ldrh	r1, [r2, #-247]
  53              	.LVL2:
  61:board/compal_e88/init.c **** 	reg &= ~(1 << 10);
  54              		.loc 1 61 0
  55 0038 033001E0 		and	r3, r1, r3
  56              	.LVL3:
  65:board/compal_e88/init.c **** 	reg |= (1 << 13) | (1 << 14);
  57              		.loc 1 65 0
  58 003c 073A83E3 		orr	r3, r3, #28672
  59              	.LVL4:
  60 0040 803083E3 		orr	r3, r3, #128
  61              	.LVL5:
  66:board/compal_e88/init.c **** 	writew(reg, ASIC_CONF_REG);
  62              		.loc 1 66 0
  63 0044 B73F42E1 		strh	r3, [r2, #-247]	@ movhi
  69:board/compal_e88/init.c **** 	reg = readw(IO_CNTL_REG);
  64              		.loc 1 69 0
  65 0048 6C309FE5 		ldr	r3, .L3+8
  66              	.LVL6:
  70:board/compal_e88/init.c **** 	reg &= ~(1 << 3);
  67              		.loc 1 70 0
  68 004c 6C209FE5 		ldr	r2, .L3+12
  69:board/compal_e88/init.c **** 	reg = readw(IO_CNTL_REG);
  69              		.loc 1 69 0
  70 0050 BB1F53E1 		ldrh	r1, [r3, #-251]
  71              	.LVL7:
  70:board/compal_e88/init.c **** 	reg &= ~(1 << 3);
  72              		.loc 1 70 0
  73 0054 022001E0 		and	r2, r1, r2
  74              	.LVL8:
  71:board/compal_e88/init.c **** 	writew(reg, IO_CNTL_REG);
  75              		.loc 1 71 0
  76 0058 BB2F43E1 		strh	r2, [r3, #-251]	@ movhi
  75:board/compal_e88/init.c **** 	reg &= ~(1 << 3);
  77              		.loc 1 75 0
  78 005c 5C209FE5 		ldr	r2, .L3+12
  79              	.LVL9:
  74:board/compal_e88/init.c **** 	reg = readw(ARMIO_LATCH_OUT);
  80              		.loc 1 74 0
  81 0060 BD1F53E1 		ldrh	r1, [r3, #-253]
  82              	.LVL10:
  75:board/compal_e88/init.c **** 	reg &= ~(1 << 3);
  83              		.loc 1 75 0
  84 0064 022001E0 		and	r2, r1, r2
  85              	.LVL11:
  76:board/compal_e88/init.c **** 	writew(reg, ARMIO_LATCH_OUT);
  86              		.loc 1 76 0
  87 0068 BD2F43E1 		strh	r2, [r3, #-253]	@ movhi
  88              	.LBE5:
  89              	.LBE4:
  84:board/compal_e88/init.c **** 
  85:board/compal_e88/init.c ****         board_io_init();
  86:board/compal_e88/init.c **** 
  87:board/compal_e88/init.c ****         calypso_bootrom(with_irq);
  90              		.loc 1 87 0
  91 006c 0400A0E1 		mov	r0, r4
  92 0070 FEFFFFEB 		bl	calypso_bootrom
  93              	.LVL12:
  88:board/compal_e88/init.c ****         calypso_exceptions_install();
  94              		.loc 1 88 0
  95 0074 FEFFFFEB 		bl	calypso_exceptions_install
  89:board/compal_e88/init.c **** 
  90:board/compal_e88/init.c ****         if (with_irq)
  96              		.loc 1 90 0
  97 0078 000054E3 		cmp	r4, #0
  91:board/compal_e88/init.c ****                 irq_init();
  98              		.loc 1 91 0
  99 007c FEFFFF1B 		blne	irq_init
 100              	.L2:
  92:board/compal_e88/init.c **** 
  93:board/compal_e88/init.c ****         /* UART only */
  94:board/compal_e88/init.c ****         sercomm_bind_uart(UART_MODEM);
 101              		.loc 1 94 0
 102 0080 0100A0E3 		mov	r0, #1
 103 0084 FEFFFFEB 		bl	sercomm_bind_uart
  95:board/compal_e88/init.c ****         cons_bind_uart(UART_MODEM);
 104              		.loc 1 95 0
 105 0088 0100A0E3 		mov	r0, #1
 106 008c FEFFFFEB 		bl	cons_bind_uart
  96:board/compal_e88/init.c **** 
  97:board/compal_e88/init.c ****         uart_init(UART_MODEM, with_irq);
 107              		.loc 1 97 0
 108 0090 FF1004E2 		and	r1, r4, #255
 109 0094 0100A0E3 		mov	r0, #1
 110 0098 FEFFFFEB 		bl	uart_init
  98:board/compal_e88/init.c ****         uart_baudrate(UART_MODEM, UART_115200);
 111              		.loc 1 98 0
 112 009c 0210A0E3 		mov	r1, #2
 113 00a0 0100A0E3 		mov	r0, #1
 114 00a4 FEFFFFEB 		bl	uart_baudrate
  99:board/compal_e88/init.c **** 
 100:board/compal_e88/init.c ****         puts("QEMU CALYPSO LOADER ALIVE\n");
 115              		.loc 1 100 0
 116 00a8 14009FE5 		ldr	r0, .L3+16
 101:board/compal_e88/init.c **** }
 117              		.loc 1 101 0
 118 00ac 1040BDE8 		ldmfd	sp!, {r4, lr}
 100:board/compal_e88/init.c ****         puts("QEMU CALYPSO LOADER ALIVE\n");
 119              		.loc 1 100 0
 120 00b0 FEFFFFEA 		b	puts
 121              	.L4:
 122              		.align	2
 123              	.L3:
 124 00b4 FFF0FEFF 		.word	-69377
 125 00b8 FFFB0000 		.word	64511
 126 00bc FF48FEFF 		.word	-112385
 127 00c0 F7FF0000 		.word	65527
 128 00c4 00000000 		.word	.LC0
 129              		.cfi_endproc
 130              	.LFE53:
 132              		.section	.rodata.str1.1,"aMS",%progbits,1
 133              	.LC0:
 134 0000 51454D55 		.ascii	"QEMU CALYPSO LOADER ALIVE\012\000"
 134      2043414C 
 134      5950534F 
 134      204C4F41 
 134      44455220 
 135              		.text
 136              	.Letext0:
DEFINED SYMBOLS
                            *ABS*:0000000000000000 init.c
     /tmp/cct9PMhK.s:12     .text.board_init:0000000000000000 $a
     /tmp/cct9PMhK.s:15     .text.board_init:0000000000000000 board_init
     /tmp/cct9PMhK.s:124    .text.board_init:00000000000000b4 $d
                     .debug_frame:0000000000000010 $d

UNDEFINED SYMBOLS
calypso_mem_cfg
calypso_clock_set
calypso_bootrom
calypso_exceptions_install
irq_init
sercomm_bind_uart
cons_bind_uart
uart_init
uart_baudrate
puts
